<?xml version="1.0" encoding="UTF-8"?>
<!-- Generated by org.testng.reporters.JUnitXMLReporter -->
<testsuite hostname="ZC-DeepakA.local" ignored="0" name="Surefire test" tests="1" failures="1" timestamp="18 Aug 2019 04:01:53 GMT" time="6.91" errors="0">
  <testcase name="compare" time="6.883" classname="Gojek.CompareApiTest">
    <failure type="java.lang.AssertionError" message="The following asserts failed:
	No. of API end points in both files are different expected [true] but found [false],
	/api/unknown/4 is not a valid http/https request expected [true] but found [false],
	htts://reqres.in/api/users/4 is not a valid http/https request expected [true] but found [false],
	htps://reqres.in/api/users/4 is not a valid http/https request expected [true] but found [false],
	/api/unknown/4 is not a valid http/https request expected [true] but found [false]">
      <![CDATA[java.lang.AssertionError: The following asserts failed:
No. of API end points in both files are different expected [true] but found [false],
/api/unknown/4 is not a valid http/https request expected [true] but found [false],
htts://reqres.in/api/users/4 is not a valid http/https request expected [true] but found [false],
htps://reqres.in/api/users/4 is not a valid http/https request expected [true] but found [false],
/api/unknown/4 is not a valid http/https request expected [true] but found [false]
at Gojek.CompareApiTest.compare(CompareApiTest.java:61)
... Removed 31 stack frames]]>
    </failure>
  </testcase> <!-- compare -->
</testsuite> <!-- Surefire test -->
