<?xml version="1.0" encoding="UTF-8"?>
<testsuite xmlns:xsi="http://www.w3.org/2001/XMLSchema-instance" xsi:noNamespaceSchemaLocation="https://maven.apache.org/surefire/maven-surefire-plugin/xsd/surefire-test-report.xsd" name="Gojek.CompareApiTest" time="7.113" tests="1" errors="0" skipped="0" failures="1">
  <properties>
[...]
</properties>
  <testcase name="compare" classname="Gojek.CompareApiTest" time="6.888">
    <failure message="The following asserts failed:&#10;	No. of API end points in both files are different expected [true] but found [false],&#10;	/api/unknown/4 is not a valid http/https request expected [true] but found [false],&#10;	htts://reqres.in/api/users/4 is not a valid http/https request expected [true] but found [false],&#10;	htps://reqres.in/api/users/4 is not a valid http/https request expected [true] but found [false],&#10;	/api/unknown/4 is not a valid http/https request expected [true] but found [false]" type="java.lang.AssertionError">java.lang.AssertionError: 
The following asserts failed:
	No. of API end points in both files are different expected [true] but found [false],
	/api/unknown/4 is not a valid http/https request expected [true] but found [false],
	htts://reqres.in/api/users/4 is not a valid http/https request expected [true] but found [false],
	htps://reqres.in/api/users/4 is not a valid http/https request expected [true] but found [false],
	/api/unknown/4 is not a valid http/https request expected [true] but found [false]
	at Gojek.CompareApiTest.compare(CompareApiTest.java:61)
</failure>
    <system-out><![CDATA[No. of requests being compared 5 since first file has lesser enteries 
Response for https://reqres.in/api/users/1 is :
{
    "data": {
        "id": 1,
        "email": "george.bluth@reqres.in",
        "first_name": "George",
        "last_name": "Bluth",
        "avatar": "https://s3.amazonaws.com/uifaces/faces/twitter/calebogden/128.jpg"
    }
}
Response for https://reqres.in/api/users/1 is :
{
    "data": {
        "id": 1,
        "email": "george.bluth@reqres.in",
        "first_name": "George",
        "last_name": "Bluth",
        "avatar": "https://s3.amazonaws.com/uifaces/faces/twitter/calebogden/128.jpg"
    }
}
https://reqres.in/api/users/1 equals https://reqres.in/api/users/1
Response for http://reqres.in/api/users/4 is :
{
    "data": {
        "id": 4,
        "email": "eve.holt@reqres.in",
        "first_name": "Eve",
        "last_name": "Holt",
        "avatar": "https://s3.amazonaws.com/uifaces/faces/twitter/marcoramires/128.jpg"
    }
}
Response for https://reqres.in/api/users/4 is :
{
    "data": {
        "id": 4,
        "email": "eve.holt@reqres.in",
        "first_name": "Eve",
        "last_name": "Holt",
        "avatar": "https://s3.amazonaws.com/uifaces/faces/twitter/marcoramires/128.jpg"
    }
}
http://reqres.in/api/users/4 equals https://reqres.in/api/users/4
Request "/api/unknown/4" is invalid could not get any response
Request "htts://reqres.in/api/users/4" is invalid could not get any response
/api/unknown/4 not equals htts://reqres.in/api/users/4
Request "htps://reqres.in/api/users/4" is invalid could not get any response
Request "/api/unknown/4" is invalid could not get any response
htps://reqres.in/api/users/4 not equals /api/unknown/4
Request "https://xyzzyfggz.com/ffg" is invalid could not get any response
Response for http://reqres.in/api/users/2 is :
{
    "data": {
        "id": 2,
        "email": "janet.weaver@reqres.in",
        "first_name": "Janet",
        "last_name": "Weaver",
        "avatar": "https://s3.amazonaws.com/uifaces/faces/twitter/josephstein/128.jpg"
    }
}
https://xyzzyfggz.com/ffg not equals http://reqres.in/api/users/2
]]></system-out>
  </testcase>
</testsuite>